Download started: 2026-03-19 11:53:08
Attempt 1 for https://www.kernel.org/pub/linux/docs/man-pages/man-pages-6.17.tar.xz at 2026-03-19 11:53:08
SUCCESS https://www.kernel.org/pub/linux/docs/man-pages/man-pages-6.17.tar.xz at 2026-03-19 11:53:08
Attempt 1 for https://github.com/Mic92/iana-etc/releases/download/20260306/iana-etc-20260306.tar.gz at 2026-03-19 11:53:08
SUCCESS https://github.com/Mic92/iana-etc/releases/download/20260306/iana-etc-20260306.tar.gz at 2026-03-19 11:53:08
Attempt 1 for https://mirror.csclub.uwaterloo.ca/gnu/glibc/glibc-2.43.tar.xz at 2026-03-19 11:53:08
SUCCESS https://mirror.csclub.uwaterloo.ca/gnu/glibc/glibc-2.43.tar.xz at 2026-03-19 11:53:08
Attempt 1 for https://zlib.net/fossils/zlib-1.3.2.tar.gz at 2026-03-19 11:53:08
SUCCESS https://zlib.net/fossils/zlib-1.3.2.tar.gz at 2026-03-19 11:53:08
Attempt 1 for https://www.sourceware.org/pub/bzip2/bzip2-1.0.8.tar.gz at 2026-03-19 11:53:08
SUCCESS https://www.sourceware.org/pub/bzip2/bzip2-1.0.8.tar.gz at 2026-03-19 11:53:08
Attempt 1 for https://github.com/tukaani-project/xz/releases/download/v5.8.2/xz-5.8.2.tar.xz at 2026-03-19 11:53:08
SUCCESS https://github.com/tukaani-project/xz/releases/download/v5.8.2/xz-5.8.2.tar.xz at 2026-03-19 11:53:08
Attempt 1 for https://github.com/lz4/lz4/releases/download/v1.10.0/lz4-1.10.0.tar.gz at 2026-03-19 11:53:08
SUCCESS https://github.com/lz4/lz4/releases/download/v1.10.0/lz4-1.10.0.tar.gz at 2026-03-19 11:53:08
Attempt 1 for https://github.com/facebook/zstd/releases/download/v1.5.7/zstd-1.5.7.tar.gz at 2026-03-19 11:53:08
SUCCESS https://github.com/facebook/zstd/releases/download/v1.5.7/zstd-1.5.7.tar.gz at 2026-03-19 11:53:08
Attempt 1 for https://astron.com/pub/file/file-5.47.tar.gz at 2026-03-19 11:53:08
SUCCESS https://astron.com/pub/file/file-5.47.tar.gz at 2026-03-19 11:53:08
Attempt 1 for https://mirror.csclub.uwaterloo.ca/gnu/readline/readline-8.3.tar.gz at 2026-03-19 11:53:08
SUCCESS https://mirror.csclub.uwaterloo.ca/gnu/readline/readline-8.3.tar.gz at 2026-03-19 11:53:08
Attempt 1 for https://github.com/PCRE2Project/pcre2/releases/download/pcre2-10.47/pcre2-10.47.tar.bz2 at 2026-03-19 11:53:08
SUCCESS https://github.com/PCRE2Project/pcre2/releases/download/pcre2-10.47/pcre2-10.47.tar.bz2 at 2026-03-19 11:53:08
Attempt 1 for https://mirror.csclub.uwaterloo.ca/gnu/m4/m4-1.4.21.tar.xz at 2026-03-19 11:53:08
SUCCESS https://mirror.csclub.uwaterloo.ca/gnu/m4/m4-1.4.21.tar.xz at 2026-03-19 11:53:08
Attempt 1 for https://github.com/gavinhoward/bc/releases/download/7.0.3/bc-7.0.3.tar.xz at 2026-03-19 11:53:08
SUCCESS https://github.com/gavinhoward/bc/releases/download/7.0.3/bc-7.0.3.tar.xz at 2026-03-19 11:53:08
Attempt 1 for https://github.com/westes/flex/releases/download/v2.6.4/flex-2.6.4.tar.gz at 2026-03-19 11:53:08
SUCCESS https://github.com/westes/flex/releases/download/v2.6.4/flex-2.6.4.tar.gz at 2026-03-19 11:53:08
Attempt 1 for https://downloads.sourceforge.net/tcl/tcl8.6.17-src.tar.gz at 2026-03-19 11:53:08
SUCCESS https://downloads.sourceforge.net/tcl/tcl8.6.17-src.tar.gz at 2026-03-19 11:53:08
Attempt 1 for https://prdownloads.sourceforge.net/expect/expect5.45.4.tar.gz at 2026-03-19 11:53:08
SUCCESS https://prdownloads.sourceforge.net/expect/expect5.45.4.tar.gz at 2026-03-19 11:53:08
Attempt 1 for https://mirror.csclub.uwaterloo.ca/gnu/dejagnu/dejagnu-1.6.3.tar.gz at 2026-03-19 11:53:08
SUCCESS https://mirror.csclub.uwaterloo.ca/gnu/dejagnu/dejagnu-1.6.3.tar.gz at 2026-03-19 11:53:08
Attempt 1 for https://distfiles.ariadne.space/pkgconf/pkgconf-2.5.1.tar.xz at 2026-03-19 11:53:08
SUCCESS https://distfiles.ariadne.space/pkgconf/pkgconf-2.5.1.tar.xz at 2026-03-19 11:53:08
Attempt 1 for https://mirror.csclub.uwaterloo.ca/gnu/binutils/binutils-2.46.0.tar.xz at 2026-03-19 11:53:08
SUCCESS https://mirror.csclub.uwaterloo.ca/gnu/binutils/binutils-2.46.0.tar.xz at 2026-03-19 11:53:08
Attempt 1 for https://mirror.csclub.uwaterloo.ca/gnu/gmp/gmp-6.3.0.tar.xz at 2026-03-19 11:53:08
SUCCESS https://mirror.csclub.uwaterloo.ca/gnu/gmp/gmp-6.3.0.tar.xz at 2026-03-19 11:53:08
Attempt 1 for https://mirror.csclub.uwaterloo.ca/gnu/mpfr/mpfr-4.2.2.tar.xz at 2026-03-19 11:53:08
SUCCESS https://mirror.csclub.uwaterloo.ca/gnu/mpfr/mpfr-4.2.2.tar.xz at 2026-03-19 11:53:08
Attempt 1 for https://mirror.csclub.uwaterloo.ca/gnu/mpc/mpc-1.3.1.tar.gz at 2026-03-19 11:53:08
SUCCESS https://mirror.csclub.uwaterloo.ca/gnu/mpc/mpc-1.3.1.tar.gz at 2026-03-19 11:53:08
Attempt 1 for https://download.savannah.nongnu.org/releases/attr/attr-2.5.2.tar.xz at 2026-03-19 11:53:08
SUCCESS https://download.savannah.nongnu.org/releases/attr/attr-2.5.2.tar.xz at 2026-03-19 11:53:08
Attempt 1 for https://download.savannah.nongnu.org/releases/acl/acl-2.3.2.tar.xz at 2026-03-19 11:53:08
SUCCESS https://download.savannah.nongnu.org/releases/acl/acl-2.3.2.tar.xz at 2026-03-19 11:53:08
Attempt 1 for https://www.kernel.org/pub/linux/libs/security/linux-privs/libcap2/libcap-2.77.tar.xz at 2026-03-19 11:53:08
SUCCESS https://www.kernel.org/pub/linux/libs/security/linux-privs/libcap2/libcap-2.77.tar.xz at 2026-03-19 11:53:08
Attempt 1 for https://github.com/besser82/libxcrypt/releases/download/v4.5.2/libxcrypt-4.5.2.tar.xz at 2026-03-19 11:53:08
SUCCESS https://github.com/besser82/libxcrypt/releases/download/v4.5.2/libxcrypt-4.5.2.tar.xz at 2026-03-19 11:53:08
Attempt 1 for https://github.com/shadow-maint/shadow/releases/download/4.19.4/shadow-4.19.4.tar.xz at 2026-03-19 11:53:08
SUCCESS https://github.com/shadow-maint/shadow/releases/download/4.19.4/shadow-4.19.4.tar.xz at 2026-03-19 11:53:08
Attempt 1 for https://mirror.csclub.uwaterloo.ca/gnu/gcc/gcc-15.2.0/gcc-15.2.0.tar.xz at 2026-03-19 11:53:08
SUCCESS https://mirror.csclub.uwaterloo.ca/gnu/gcc/gcc-15.2.0/gcc-15.2.0.tar.xz at 2026-03-19 11:53:08
Attempt 1 for https://mirror.csclub.uwaterloo.ca/gnu/ncurses/ncurses-6.6.tar.gz at 2026-03-19 11:53:08
SUCCESS https://mirror.csclub.uwaterloo.ca/gnu/ncurses/ncurses-6.6.tar.gz at 2026-03-19 11:53:08
Attempt 1 for https://mirror.csclub.uwaterloo.ca/gnu/sed/sed-4.9.tar.xz at 2026-03-19 11:53:08
SUCCESS https://mirror.csclub.uwaterloo.ca/gnu/sed/sed-4.9.tar.xz at 2026-03-19 11:53:08
Attempt 1 for https://sourceforge.net/projects/psmisc/files/psmisc/psmisc-23.7.tar.xz at 2026-03-19 11:53:08
SUCCESS https://sourceforge.net/projects/psmisc/files/psmisc/psmisc-23.7.tar.xz at 2026-03-19 11:53:08
Attempt 1 for https://mirror.csclub.uwaterloo.ca/gnu/gettext/gettext-1.0.tar.xz at 2026-03-19 11:53:08
SUCCESS https://mirror.csclub.uwaterloo.ca/gnu/gettext/gettext-1.0.tar.xz at 2026-03-19 11:53:08
Attempt 1 for https://mirror.csclub.uwaterloo.ca/gnu/bison/bison-3.8.2.tar.xz at 2026-03-19 11:53:08
SUCCESS https://mirror.csclub.uwaterloo.ca/gnu/bison/bison-3.8.2.tar.xz at 2026-03-19 11:53:08
Attempt 1 for https://mirror.csclub.uwaterloo.ca/gnu/grep/grep-3.12.tar.xz at 2026-03-19 11:53:08
SUCCESS https://mirror.csclub.uwaterloo.ca/gnu/grep/grep-3.12.tar.xz at 2026-03-19 11:53:08
Attempt 1 for https://mirror.csclub.uwaterloo.ca/gnu/bash/bash-5.3.tar.gz at 2026-03-19 11:53:08
SUCCESS https://mirror.csclub.uwaterloo.ca/gnu/bash/bash-5.3.tar.gz at 2026-03-19 11:53:08
Attempt 1 for https://mirror.csclub.uwaterloo.ca/gnu/libtool/libtool-2.5.4.tar.xz at 2026-03-19 11:53:08
SUCCESS https://mirror.csclub.uwaterloo.ca/gnu/libtool/libtool-2.5.4.tar.xz at 2026-03-19 11:53:08
Attempt 1 for https://mirror.csclub.uwaterloo.ca/gnu/gdbm/gdbm-1.26.tar.gz at 2026-03-19 11:53:08
SUCCESS https://mirror.csclub.uwaterloo.ca/gnu/gdbm/gdbm-1.26.tar.gz at 2026-03-19 11:53:08
Attempt 1 for https://mirror.csclub.uwaterloo.ca/gnu/gperf/gperf-3.3.tar.gz at 2026-03-19 11:53:08
SUCCESS https://mirror.csclub.uwaterloo.ca/gnu/gperf/gperf-3.3.tar.gz at 2026-03-19 11:53:08
Attempt 1 for https://github.com/libexpat/libexpat/releases/download/R_2_7_5/expat-2.7.5.tar.xz at 2026-03-19 11:53:08
SUCCESS https://github.com/libexpat/libexpat/releases/download/R_2_7_5/expat-2.7.5.tar.xz at 2026-03-19 11:53:08
Attempt 1 for https://mirror.csclub.uwaterloo.ca/gnu/inetutils/inetutils-2.7.tar.gz at 2026-03-19 11:53:08
SUCCESS https://mirror.csclub.uwaterloo.ca/gnu/inetutils/inetutils-2.7.tar.gz at 2026-03-19 11:53:08
Attempt 1 for https://www.greenwoodsoftware.com/less/less-692.tar.gz at 2026-03-19 11:53:08
SUCCESS https://www.greenwoodsoftware.com/less/less-692.tar.gz at 2026-03-19 11:53:08
Attempt 1 for https://www.cpan.org/src/5.0/perl-5.42.1.tar.gz at 2026-03-19 11:53:08
SUCCESS https://www.cpan.org/src/5.0/perl-5.42.1.tar.gz at 2026-03-19 11:53:08
Attempt 1 for https://www.cpan.org/authors/id/E/ET/ETHER/File-ShareDir-Install-0.14.tar.gz at 2026-03-19 11:53:08
SUCCESS https://www.cpan.org/authors/id/E/ET/ETHER/File-ShareDir-Install-0.14.tar.gz at 2026-03-19 11:53:08
Attempt 1 for https://www.cpan.org/authors/id/P/PL/PLICEASE/Class-Inspector-1.36.tar.gz at 2026-03-19 11:53:08
SUCCESS https://www.cpan.org/authors/id/P/PL/PLICEASE/Class-Inspector-1.36.tar.gz at 2026-03-19 11:53:08
Attempt 1 for https://www.cpan.org/authors/id/R/RE/REHSACK/File-ShareDir-1.118.tar.gz at 2026-03-19 11:53:08
SUCCESS https://www.cpan.org/authors/id/R/RE/REHSACK/File-ShareDir-1.118.tar.gz at 2026-03-19 11:53:08
Attempt 1 for https://www.cpan.org/authors/id/T/TO/TODDR/XML-Parser-2.48_01.tar.gz at 2026-03-19 11:53:08
SUCCESS https://www.cpan.org/authors/id/T/TO/TODDR/XML-Parser-2.48_01.tar.gz at 2026-03-19 11:53:08
Attempt 1 for https://launchpad.net/intltool/trunk/0.51.0/+download/intltool-0.51.0.tar.gz at 2026-03-19 11:53:08
SUCCESS https://launchpad.net/intltool/trunk/0.51.0/+download/intltool-0.51.0.tar.gz at 2026-03-19 11:53:08
Attempt 1 for https://mirror.csclub.uwaterloo.ca/gnu/autoconf/autoconf-2.72.tar.xz at 2026-03-19 11:53:08
SUCCESS https://mirror.csclub.uwaterloo.ca/gnu/autoconf/autoconf-2.72.tar.xz at 2026-03-19 11:53:08
Attempt 1 for https://mirror.csclub.uwaterloo.ca/gnu/automake/automake-1.18.1.tar.xz at 2026-03-19 11:53:08
SUCCESS https://mirror.csclub.uwaterloo.ca/gnu/automake/automake-1.18.1.tar.xz at 2026-03-19 11:53:08
Attempt 1 for https://github.com/openssl/openssl/releases/download/openssl-3.6.1/openssl-3.6.1.tar.gz at 2026-03-19 11:53:08
SUCCESS https://github.com/openssl/openssl/releases/download/openssl-3.6.1/openssl-3.6.1.tar.gz at 2026-03-19 11:53:08
Attempt 1 for https://sourceware.org/ftp/elfutils/0.194/elfutils-0.194.tar.bz2 at 2026-03-19 11:53:08
SUCCESS https://sourceware.org/ftp/elfutils/0.194/elfutils-0.194.tar.bz2 at 2026-03-19 11:53:08
Attempt 1 for https://github.com/libffi/libffi/releases/download/v3.5.2/libffi-3.5.2.tar.gz at 2026-03-19 11:53:08
SUCCESS https://github.com/libffi/libffi/releases/download/v3.5.2/libffi-3.5.2.tar.gz at 2026-03-19 11:53:08
Attempt 1 for https://sqlite.org/2026/sqlite-autoconf-3510300.tar.gz at 2026-03-19 11:53:08
SUCCESS https://sqlite.org/2026/sqlite-autoconf-3510300.tar.gz at 2026-03-19 11:53:08
Attempt 1 for https://www.python.org/ftp/python/3.14.3/Python-3.14.3.tar.xz at 2026-03-19 11:53:08
SUCCESS https://www.python.org/ftp/python/3.14.3/Python-3.14.3.tar.xz at 2026-03-19 11:53:08
Attempt 1 for https://pypi.org/packages/source/f/flit-core/flit_core-3.12.0.tar.gz at 2026-03-19 11:53:08
SUCCESS https://pypi.org/packages/source/f/flit-core/flit_core-3.12.0.tar.gz at 2026-03-19 11:53:08
Attempt 1 for https://files.pythonhosted.org/packages/source/p/packaging/packaging-26.0.tar.gz at 2026-03-19 11:53:08
SUCCESS https://files.pythonhosted.org/packages/source/p/packaging/packaging-26.0.tar.gz at 2026-03-19 11:53:08
Attempt 1 for https://pypi.org/packages/source/w/wheel/wheel-0.46.3.tar.gz at 2026-03-19 11:53:08
SUCCESS https://pypi.org/packages/source/w/wheel/wheel-0.46.3.tar.gz at 2026-03-19 11:53:08
Attempt 1 for https://pypi.org/packages/source/s/setuptools/setuptools-82.0.1.tar.gz at 2026-03-19 11:53:08
SUCCESS https://pypi.org/packages/source/s/setuptools/setuptools-82.0.1.tar.gz at 2026-03-19 11:53:08
Attempt 1 for https://github.com/ninja-build/ninja/archive/v1.13.2/ninja-1.13.2.tar.gz at 2026-03-19 11:53:08
SUCCESS https://github.com/ninja-build/ninja/archive/v1.13.2/ninja-1.13.2.tar.gz at 2026-03-19 11:53:08
Attempt 1 for https://github.com/mesonbuild/meson/releases/download/1.10.2/meson-1.10.2.tar.gz at 2026-03-19 11:53:08
SUCCESS https://github.com/mesonbuild/meson/releases/download/1.10.2/meson-1.10.2.tar.gz at 2026-03-19 11:53:08
Attempt 1 for https://www.kernel.org/pub/linux/utils/kernel/kmod/kmod-34.2.tar.xz at 2026-03-19 11:53:08
SUCCESS https://www.kernel.org/pub/linux/utils/kernel/kmod/kmod-34.2.tar.xz at 2026-03-19 11:53:08
Attempt 1 for https://mirror.csclub.uwaterloo.ca/gnu/coreutils/coreutils-9.10.tar.xz at 2026-03-19 11:53:08
SUCCESS https://mirror.csclub.uwaterloo.ca/gnu/coreutils/coreutils-9.10.tar.xz at 2026-03-19 11:53:08
Attempt 1 for https://mirror.csclub.uwaterloo.ca/gnu/diffutils/diffutils-3.12.tar.xz at 2026-03-19 11:53:08
SUCCESS https://mirror.csclub.uwaterloo.ca/gnu/diffutils/diffutils-3.12.tar.xz at 2026-03-19 11:53:08
Attempt 1 for https://mirror.csclub.uwaterloo.ca/gnu/gawk/gawk-5.4.0.tar.xz at 2026-03-19 11:53:08
SUCCESS https://mirror.csclub.uwaterloo.ca/gnu/gawk/gawk-5.4.0.tar.xz at 2026-03-19 11:53:08
Attempt 1 for https://mirror.csclub.uwaterloo.ca/gnu/findutils/findutils-4.10.0.tar.xz at 2026-03-19 11:53:08
SUCCESS https://mirror.csclub.uwaterloo.ca/gnu/findutils/findutils-4.10.0.tar.xz at 2026-03-19 11:53:08
Attempt 1 for https://mirror.csclub.uwaterloo.ca/gnu/groff/groff-1.24.1.tar.gz at 2026-03-19 11:53:08
SUCCESS https://mirror.csclub.uwaterloo.ca/gnu/groff/groff-1.24.1.tar.gz at 2026-03-19 11:53:08
Attempt 1 for https://ftp.osuosl.org/pub/rpm/popt/releases/popt-1.x/popt-1.19.tar.gz at 2026-03-19 11:53:08
SUCCESS https://ftp.osuosl.org/pub/rpm/popt/releases/popt-1.x/popt-1.19.tar.gz at 2026-03-19 11:53:08
Attempt 1 for https://www.samba.org/ftp/rsync/src/rsync-3.4.1.tar.gz at 2026-03-19 11:53:08
SUCCESS https://www.samba.org/ftp/rsync/src/rsync-3.4.1.tar.gz at 2026-03-19 11:53:08
Attempt 1 for https://github.com/rhboot/efivar/archive/39/efivar-39.tar.gz at 2026-03-19 11:53:08
SUCCESS https://github.com/rhboot/efivar/archive/39/efivar-39.tar.gz at 2026-03-19 11:53:08
Attempt 1 for https://github.com/rhboot/efibootmgr/archive/18/efibootmgr-18.tar.gz at 2026-03-19 11:53:08
SUCCESS https://github.com/rhboot/efibootmgr/archive/18/efibootmgr-18.tar.gz at 2026-03-19 11:53:08
Attempt 1 for https://codeberg.org/Limine/Limine/archive/v10.8.5-binary.tar.gz at 2026-03-19 11:53:08
SUCCESS https://codeberg.org/Limine/Limine/archive/v10.8.5-binary.tar.gz at 2026-03-19 11:53:08
Attempt 1 for https://mirror.csclub.uwaterloo.ca/gnu/gzip/gzip-1.14.tar.xz at 2026-03-19 11:53:08
SUCCESS https://mirror.csclub.uwaterloo.ca/gnu/gzip/gzip-1.14.tar.xz at 2026-03-19 11:53:08
Attempt 1 for https://www.kernel.org/pub/linux/utils/net/iproute2/iproute2-6.19.0.tar.xz at 2026-03-19 11:53:08
SUCCESS https://www.kernel.org/pub/linux/utils/net/iproute2/iproute2-6.19.0.tar.xz at 2026-03-19 11:53:08
Attempt 1 for https://www.kernel.org/pub/linux/utils/kbd/kbd-2.9.0.tar.xz at 2026-03-19 11:53:08
SUCCESS https://www.kernel.org/pub/linux/utils/kbd/kbd-2.9.0.tar.xz at 2026-03-19 11:53:08
Attempt 1 for https://download.savannah.nongnu.org/releases/libpipeline/libpipeline-1.5.8.tar.gz at 2026-03-19 11:53:08
SUCCESS https://download.savannah.nongnu.org/releases/libpipeline/libpipeline-1.5.8.tar.gz at 2026-03-19 11:53:08
Attempt 1 for https://mirror.csclub.uwaterloo.ca/gnu/make/make-4.4.1.tar.gz at 2026-03-19 11:53:08
SUCCESS https://mirror.csclub.uwaterloo.ca/gnu/make/make-4.4.1.tar.gz at 2026-03-19 11:53:08
Attempt 1 for https://mirror.csclub.uwaterloo.ca/gnu/patch/patch-2.8.tar.xz at 2026-03-19 11:53:08
SUCCESS https://mirror.csclub.uwaterloo.ca/gnu/patch/patch-2.8.tar.xz at 2026-03-19 11:53:08
Attempt 1 for https://mirror.csclub.uwaterloo.ca/gnu/tar/tar-1.35.tar.xz at 2026-03-19 11:53:08
SUCCESS https://mirror.csclub.uwaterloo.ca/gnu/tar/tar-1.35.tar.xz at 2026-03-19 11:53:08
Attempt 1 for https://mirror.csclub.uwaterloo.ca/gnu/texinfo/texinfo-7.3.tar.xz at 2026-03-19 11:53:08
SUCCESS https://mirror.csclub.uwaterloo.ca/gnu/texinfo/texinfo-7.3.tar.xz at 2026-03-19 11:53:08
Attempt 1 for https://www.nano-editor.org/dist/v8/nano-8.7.1.tar.xz at 2026-03-19 11:53:08
SUCCESS https://www.nano-editor.org/dist/v8/nano-8.7.1.tar.xz at 2026-03-19 11:53:08
Attempt 1 for https://pypi.org/packages/source/M/MarkupSafe/markupsafe-3.0.3.tar.gz at 2026-03-19 11:53:08
SUCCESS https://pypi.org/packages/source/M/MarkupSafe/markupsafe-3.0.3.tar.gz at 2026-03-19 11:53:08
Attempt 1 for https://pypi.org/packages/source/J/Jinja2/jinja2-3.1.6.tar.gz at 2026-03-19 11:53:08
SUCCESS https://pypi.org/packages/source/J/Jinja2/jinja2-3.1.6.tar.gz at 2026-03-19 11:53:08
Attempt 1 for https://github.com/systemd/systemd/archive/v259.5/systemd-259.5.tar.gz at 2026-03-19 11:53:08
SUCCESS https://github.com/systemd/systemd/archive/v259.5/systemd-259.5.tar.gz at 2026-03-19 11:53:08
Attempt 1 for https://dbus.freedesktop.org/releases/dbus/dbus-1.16.2.tar.xz at 2026-03-19 11:53:08
SUCCESS https://dbus.freedesktop.org/releases/dbus/dbus-1.16.2.tar.xz at 2026-03-19 11:53:08
Attempt 1 for https://download.savannah.gnu.org/releases/man-db/man-db-2.13.1.tar.xz at 2026-03-19 11:53:08
SUCCESS https://download.savannah.gnu.org/releases/man-db/man-db-2.13.1.tar.xz at 2026-03-19 11:53:08
Attempt 1 for https://sourceforge.net/projects/procps-ng/files/Production/procps-ng-4.0.6.tar.xz at 2026-03-19 11:53:08
SUCCESS https://sourceforge.net/projects/procps-ng/files/Production/procps-ng-4.0.6.tar.xz at 2026-03-19 11:53:08
Attempt 1 for https://www.kernel.org/pub/linux/utils/util-linux/v2.41/util-linux-2.41.3.tar.xz at 2026-03-19 11:53:08
SUCCESS https://www.kernel.org/pub/linux/utils/util-linux/v2.41/util-linux-2.41.3.tar.xz at 2026-03-19 11:53:08
Attempt 1 for https://mirrors.edge.kernel.org/pub/linux/kernel/people/tytso/e2fsprogs/v1.47.4/e2fsprogs-1.47.4.tar.xz at 2026-03-19 11:53:08
SUCCESS https://mirrors.edge.kernel.org/pub/linux/kernel/people/tytso/e2fsprogs/v1.47.4/e2fsprogs-1.47.4.tar.xz at 2026-03-19 11:53:08
Attempt 1 for https://github.com/dosfstools/dosfstools/releases/download/v4.2/dosfstools-4.2.tar.gz at 2026-03-19 11:53:08
SUCCESS https://github.com/dosfstools/dosfstools/releases/download/v4.2/dosfstools-4.2.tar.gz at 2026-03-19 11:53:08
Attempt 1 for https://github.com/benhoyt/inih/archive/r62/inih-r62.tar.gz at 2026-03-19 11:53:08
SUCCESS https://github.com/benhoyt/inih/archive/r62/inih-r62.tar.gz at 2026-03-19 11:53:08
Attempt 1 for https://lttng.org/files/urcu/userspace-rcu-0.15.6.tar.bz2 at 2026-03-19 11:53:08
SUCCESS https://lttng.org/files/urcu/userspace-rcu-0.15.6.tar.bz2 at 2026-03-19 11:53:09
Attempt 1 for https://github.com/unicode-org/icu/releases/download/release-78.3/icu4c-78.3-sources.tgz at 2026-03-19 11:53:09
SUCCESS https://github.com/unicode-org/icu/releases/download/release-78.3/icu4c-78.3-sources.tgz at 2026-03-19 11:53:09
Attempt 1 for https://www.kernel.org/pub/linux/utils/fs/xfs/xfsprogs/xfsprogs-6.19.0.tar.xz at 2026-03-19 11:53:09
SUCCESS https://www.kernel.org/pub/linux/utils/fs/xfs/xfsprogs/xfsprogs-6.19.0.tar.xz at 2026-03-19 11:53:09
Attempt 1 for https://www.oberhumer.com/opensource/lzo/download/lzo-2.10.tar.gz at 2026-03-19 11:53:09
SUCCESS https://www.oberhumer.com/opensource/lzo/download/lzo-2.10.tar.gz at 2026-03-19 11:53:09
Attempt 1 for https://www.kernel.org/pub/linux/kernel/people/kdave/btrfs-progs/btrfs-progs-v6.19.1.tar.xz at 2026-03-19 11:53:09
SUCCESS https://www.kernel.org/pub/linux/kernel/people/kdave/btrfs-progs/btrfs-progs-v6.19.1.tar.xz at 2026-03-19 11:53:09
Attempt 1 for https://mirror.csclub.uwaterloo.ca/gnu/libunistring/libunistring-1.4.2.tar.xz at 2026-03-19 11:53:09
SUCCESS https://mirror.csclub.uwaterloo.ca/gnu/libunistring/libunistring-1.4.2.tar.xz at 2026-03-19 11:53:09
Attempt 1 for https://mirror.csclub.uwaterloo.ca/gnu/libidn/libidn2-2.3.8.tar.gz at 2026-03-19 11:53:09
SUCCESS https://mirror.csclub.uwaterloo.ca/gnu/libidn/libidn2-2.3.8.tar.gz at 2026-03-19 11:53:09
Attempt 1 for https://github.com/rockdaboot/libpsl/releases/download/0.21.5/libpsl-0.21.5.tar.gz at 2026-03-19 11:53:09
SUCCESS https://github.com/rockdaboot/libpsl/releases/download/0.21.5/libpsl-0.21.5.tar.gz at 2026-03-19 11:53:09
Attempt 1 for https://mirror.csclub.uwaterloo.ca/gnu/wget/wget-1.25.0.tar.gz at 2026-03-19 11:53:09
SUCCESS https://mirror.csclub.uwaterloo.ca/gnu/wget/wget-1.25.0.tar.gz at 2026-03-19 11:53:09
Attempt 1 for https://archive.mozilla.org/pub/nspr/releases/v4.38.2/src/nspr-4.38.2.tar.gz at 2026-03-19 11:53:09
SUCCESS https://archive.mozilla.org/pub/nspr/releases/v4.38.2/src/nspr-4.38.2.tar.gz at 2026-03-19 11:53:09
Attempt 1 for https://archive.mozilla.org/pub/security/nss/releases/NSS_3_121_RTM/src/nss-3.121.tar.gz at 2026-03-19 11:53:09
SUCCESS https://archive.mozilla.org/pub/security/nss/releases/NSS_3_121_RTM/src/nss-3.121.tar.gz at 2026-03-19 11:53:09
Attempt 1 for https://mirror.csclub.uwaterloo.ca/gnu/libtasn1/libtasn1-4.21.0.tar.gz at 2026-03-19 11:53:09
SUCCESS https://mirror.csclub.uwaterloo.ca/gnu/libtasn1/libtasn1-4.21.0.tar.gz at 2026-03-19 11:53:09
Attempt 1 for https://github.com/p11-glue/p11-kit/releases/download/0.26.2/p11-kit-0.26.2.tar.xz at 2026-03-19 11:53:09
SUCCESS https://github.com/p11-glue/p11-kit/releases/download/0.26.2/p11-kit-0.26.2.tar.xz at 2026-03-19 11:53:09
Attempt 1 for https://github.com/lfs-book/make-ca/archive/v1.16.1/make-ca-1.16.1.tar.gz at 2026-03-19 11:53:09
SUCCESS https://github.com/lfs-book/make-ca/archive/v1.16.1/make-ca-1.16.1.tar.gz at 2026-03-19 11:53:09
Attempt 1 for https://git.kernel.org/torvalds/t/linux-7.0-rc4.tar.gz at 2026-03-19 11:53:09
SUCCESS https://git.kernel.org/torvalds/t/linux-7.0-rc4.tar.gz at 2026-03-19 11:53:09
Attempt 1 for https://github.com/johnsonjh/graft/archive/refs/tags/2.16.tar.gz at 2026-03-19 11:53:09
SUCCESS https://github.com/johnsonjh/graft/archive/refs/tags/2.16.tar.gz at 2026-03-19 11:53:09
Attempt 1 for https://data.iana.org/time-zones/releases/tzdata2026a.tar.gz at 2026-03-19 11:53:09
SUCCESS https://data.iana.org/time-zones/releases/tzdata2026a.tar.gz at 2026-03-19 11:53:09
Attempt 1 for https://www.linuxfromscratch.org/patches/lfs/development/glibc-fhs-1.patch at 2026-03-19 11:53:09
SUCCESS https://www.linuxfromscratch.org/patches/lfs/development/glibc-fhs-1.patch at 2026-03-19 11:53:09
Attempt 1 for https://www.linuxfromscratch.org/patches/lfs/development/bzip2-1.0.8-install_docs-1.patch at 2026-03-19 11:53:09
SUCCESS https://www.linuxfromscratch.org/patches/lfs/development/bzip2-1.0.8-install_docs-1.patch at 2026-03-19 11:53:09
Attempt 1 for https://mirror.csclub.uwaterloo.ca/gnu/readline/readline-8.3-patches/readline83-001 at 2026-03-19 11:53:09
SUCCESS https://mirror.csclub.uwaterloo.ca/gnu/readline/readline-8.3-patches/readline83-001 at 2026-03-19 11:53:09
Attempt 1 for https://mirror.csclub.uwaterloo.ca/gnu/readline/readline-8.3-patches/readline83-002 at 2026-03-19 11:53:09
SUCCESS https://mirror.csclub.uwaterloo.ca/gnu/readline/readline-8.3-patches/readline83-002 at 2026-03-19 11:53:09
Attempt 1 for https://mirror.csclub.uwaterloo.ca/gnu/readline/readline-8.3-patches/readline83-003 at 2026-03-19 11:53:09
SUCCESS https://mirror.csclub.uwaterloo.ca/gnu/readline/readline-8.3-patches/readline83-003 at 2026-03-19 11:53:09
Attempt 1 for https://downloads.sourceforge.net/tcl/tcl8.6.17-html.tar.gz at 2026-03-19 11:53:09
SUCCESS https://downloads.sourceforge.net/tcl/tcl8.6.17-html.tar.gz at 2026-03-19 11:53:09
Attempt 1 for https://www.linuxfromscratch.org/patches/lfs/development/expect-5.45.4-gcc15-1.patch at 2026-03-19 11:53:09
SUCCESS https://www.linuxfromscratch.org/patches/lfs/development/expect-5.45.4-gcc15-1.patch at 2026-03-19 11:53:09
Attempt 1 for https://mirror.csclub.uwaterloo.ca/gnu/bash/bash-5.3-patches/bash53-001 at 2026-03-19 11:53:09
SUCCESS https://mirror.csclub.uwaterloo.ca/gnu/bash/bash-5.3-patches/bash53-001 at 2026-03-19 11:53:09
Attempt 1 for https://mirror.csclub.uwaterloo.ca/gnu/bash/bash-5.3-patches/bash53-002 at 2026-03-19 11:53:09
SUCCESS https://mirror.csclub.uwaterloo.ca/gnu/bash/bash-5.3-patches/bash53-002 at 2026-03-19 11:53:09
Attempt 1 for https://mirror.csclub.uwaterloo.ca/gnu/bash/bash-5.3-patches/bash53-003 at 2026-03-19 11:53:09
SUCCESS https://mirror.csclub.uwaterloo.ca/gnu/bash/bash-5.3-patches/bash53-003 at 2026-03-19 11:53:09
Attempt 1 for https://mirror.csclub.uwaterloo.ca/gnu/bash/bash-5.3-patches/bash53-004 at 2026-03-19 11:53:09
SUCCESS https://mirror.csclub.uwaterloo.ca/gnu/bash/bash-5.3-patches/bash53-004 at 2026-03-19 11:53:09
Attempt 1 for https://mirror.csclub.uwaterloo.ca/gnu/bash/bash-5.3-patches/bash53-005 at 2026-03-19 11:53:09
SUCCESS https://mirror.csclub.uwaterloo.ca/gnu/bash/bash-5.3-patches/bash53-005 at 2026-03-19 11:53:09
Attempt 1 for https://mirror.csclub.uwaterloo.ca/gnu/bash/bash-5.3-patches/bash53-006 at 2026-03-19 11:53:09
SUCCESS https://mirror.csclub.uwaterloo.ca/gnu/bash/bash-5.3-patches/bash53-006 at 2026-03-19 11:53:09
Attempt 1 for https://mirror.csclub.uwaterloo.ca/gnu/bash/bash-5.3-patches/bash53-007 at 2026-03-19 11:53:09
SUCCESS https://mirror.csclub.uwaterloo.ca/gnu/bash/bash-5.3-patches/bash53-007 at 2026-03-19 11:53:09
Attempt 1 for https://mirror.csclub.uwaterloo.ca/gnu/bash/bash-5.3-patches/bash53-008 at 2026-03-19 11:53:09
SUCCESS https://mirror.csclub.uwaterloo.ca/gnu/bash/bash-5.3-patches/bash53-008 at 2026-03-19 11:53:09
Attempt 1 for https://mirror.csclub.uwaterloo.ca/gnu/bash/bash-5.3-patches/bash53-009 at 2026-03-19 11:53:09
SUCCESS https://mirror.csclub.uwaterloo.ca/gnu/bash/bash-5.3-patches/bash53-009 at 2026-03-19 11:53:09
Attempt 1 for https://anduin.linuxfromscratch.org/LFS/sqlite-doc-3510300.tar.xz at 2026-03-19 11:53:09
SUCCESS https://anduin.linuxfromscratch.org/LFS/sqlite-doc-3510300.tar.xz at 2026-03-19 11:53:09
Attempt 1 for https://www.python.org/ftp/python/doc/3.14.3/python-3.14.3-docs-html.tar.bz2 at 2026-03-19 11:53:09
SUCCESS https://www.python.org/ftp/python/doc/3.14.3/python-3.14.3-docs-html.tar.bz2 at 2026-03-19 11:53:09
Attempt 1 for https://www.linuxfromscratch.org/patches/lfs/development/coreutils-9.10-i18n-1.patch at 2026-03-19 11:53:09
SUCCESS https://www.linuxfromscratch.org/patches/lfs/development/coreutils-9.10-i18n-1.patch at 2026-03-19 11:53:09
Attempt 1 for https://www.linuxfromscratch.org/patches/blfs/svn/rsync-3.4.1-security_fix-1.patch at 2026-03-19 11:53:09
SUCCESS https://www.linuxfromscratch.org/patches/blfs/svn/rsync-3.4.1-security_fix-1.patch at 2026-03-19 11:53:09
Attempt 1 for https://www.linuxfromscratch.org/patches/blfs/svn/efivar-39-upstream_fixes-1.patch at 2026-03-19 11:53:09
SUCCESS https://www.linuxfromscratch.org/patches/blfs/svn/efivar-39-upstream_fixes-1.patch at 2026-03-19 11:53:09
Attempt 1 for https://www.linuxfromscratch.org/patches/lfs/development/kbd-2.9.0-backspace-1.patch at 2026-03-19 11:53:09
SUCCESS https://www.linuxfromscratch.org/patches/lfs/development/kbd-2.9.0-backspace-1.patch at 2026-03-19 11:53:09
Attempt 1 for https://anduin.linuxfromscratch.org/LFS/systemd-man-pages-259.5.tar.xz at 2026-03-19 11:53:09
SUCCESS https://anduin.linuxfromscratch.org/LFS/systemd-man-pages-259.5.tar.xz at 2026-03-19 11:53:09
Attempt 1 for https://cdn.kernel.org/pub/linux/kernel/v6.x/linux-6.19.8.tar.xz at 2026-03-19 11:53:09
SUCCESS https://cdn.kernel.org/pub/linux/kernel/v6.x/linux-6.19.8.tar.xz at 2026-03-19 11:53:09
Attempt 1 for https://www.linuxfromscratch.org/patches/blfs/svn/nss-standalone-1.patch at 2026-03-19 11:53:09
SUCCESS https://www.linuxfromscratch.org/patches/blfs/svn/nss-standalone-1.patch at 2026-03-19 11:53:09
Attempt 1 for http://www.cacert.org/certs/root.crt at 2026-03-19 11:53:09
SUCCESS http://www.cacert.org/certs/root.crt at 2026-03-19 11:53:09
Attempt 1 for http://www.cacert.org/certs/class3.crt at 2026-03-19 11:53:09
SUCCESS http://www.cacert.org/certs/class3.crt at 2026-03-19 11:53:09
Download completed: 2026-03-19 11:53:09
